 * Serving Flask app "slave" (lazy loading)
 * Environment: production
   WARNING: This is a development server. Do not use it in a production deployment.
   Use a production WSGI server instead.
 * Debug mode: off
 * Running on http://0.0.0.0:9999/ (Press CTRL+C to quit)
109.245.175.35 - - [13/Nov/2019 09:16:29] "GET / HTTP/1.1" 200 -
159.89.192.225 - - [13/Nov/2019 09:19:27] "GET /get/?repo=hanuman HTTP/1.1" 200 -
Cloning into '/root/repos/hanuman'...
scripts/slave-activate: line 9: cd /root
./install.sh: No such file or directory
106.251.252.2 - - [13/Nov/2019 09:19:34] "GET / HTTP/1.1" 200 -
106.251.252.2 - - [13/Nov/2019 09:19:35] "GET /hanuman/assets/images/logo.png HTTP/1.1" 404 -
106.251.252.2 - - [13/Nov/2019 09:19:35] "GET /hanuman/assets/images/radhakrishna.jpg HTTP/1.1" 404 -
106.251.252.2 - - [13/Nov/2019 09:19:35] "GET /hanuman/assets/images/hanuman.png HTTP/1.1" 404 -
106.251.252.2 - - [13/Nov/2019 09:19:35] "GET /hanuman/assets/images/favicon.png HTTP/1.1" 404 -
109.245.175.35 - - [13/Nov/2019 09:20:02] "GET / HTTP/1.1" 200 -
109.245.175.35 - - [13/Nov/2019 09:20:04] "GET /hanuman/assets/images/logo.png HTTP/1.1" 404 -
109.245.175.35 - - [13/Nov/2019 09:20:04] "GET /hanuman/assets/images/radhakrishna.jpg HTTP/1.1" 404 -
109.245.175.35 - - [13/Nov/2019 09:20:04] "GET /hanuman/assets/images/hanuman.png HTTP/1.1" 404 -
109.245.175.35 - - [13/Nov/2019 09:20:04] "GET /hanuman/assets/images/favicon.png HTTP/1.1" 404 -
159.89.192.225 - - [13/Nov/2019 09:23:16] "GET /get/?repo=hanuman HTTP/1.1" 200 -
Cloning into '/root/repos/hanuman'...
scripts/slave-activate: line 9: cd /root
./install.sh: No such file or directory
106.251.252.2 - - [13/Nov/2019 09:23:20] "GET / HTTP/1.1" 200 -
106.251.252.2 - - [13/Nov/2019 09:23:21] "GET /hanuman/assets/images/logo.png HTTP/1.1" 404 -
106.251.252.2 - - [13/Nov/2019 09:23:21] "GET /hanuman/assets/images/favicon.png HTTP/1.1" 404 -
106.251.252.2 - - [13/Nov/2019 09:23:21] "GET /hanuman/assets/images/hanuman.png HTTP/1.1" 404 -
106.251.252.2 - - [13/Nov/2019 09:23:24] "GET / HTTP/1.1" 200 -
106.251.252.2 - - [13/Nov/2019 09:23:24] "GET /hanuman/assets/images/logo.png HTTP/1.1" 404 -
106.251.252.2 - - [13/Nov/2019 09:23:24] "GET /hanuman/assets/images/radhakrishna.jpg HTTP/1.1" 404 -
106.251.252.2 - - [13/Nov/2019 09:23:24] "GET /hanuman/assets/images/hanuman.png HTTP/1.1" 404 -
106.251.252.2 - - [13/Nov/2019 09:23:24] "GET /hanuman/assets/images/favicon.png HTTP/1.1" 404 -
109.245.175.35 - - [13/Nov/2019 09:23:59] "GET / HTTP/1.1" 200 -
109.245.175.35 - - [13/Nov/2019 09:24:01] "GET /hanuman/assets/images/logo.png HTTP/1.1" 404 -
109.245.175.35 - - [13/Nov/2019 09:24:01] "GET /hanuman/assets/images/radhakrishna.jpg HTTP/1.1" 404 -
109.245.175.35 - - [13/Nov/2019 09:24:01] "GET /hanuman/assets/images/hanuman.png HTTP/1.1" 404 -
109.245.175.35 - - [13/Nov/2019 09:24:01] "GET /hanuman/assets/images/favicon.png HTTP/1.1" 404 -
159.89.192.225 - - [13/Nov/2019 12:14:02] "GET /get/?repo=tin-dog HTTP/1.1" 200 -
210.179.54.245 - - [13/Nov/2019 12:49:43] "GET / HTTP/1.1" 200 -
210.179.54.245 - - [13/Nov/2019 12:49:44] "GET /hanuman/assets/images/logo.png HTTP/1.1" 404 -
210.179.54.245 - - [13/Nov/2019 12:49:44] "GET /hanuman/assets/images/radhakrishna.jpg HTTP/1.1" 404 -
210.179.54.245 - - [13/Nov/2019 12:49:44] "GET /hanuman/assets/images/hanuman.png HTTP/1.1" 404 -
210.179.54.245 - - [13/Nov/2019 12:49:44] "GET /hanuman/assets/images/favicon.png HTTP/1.1" 404 -
159.89.192.225 - - [13/Nov/2019 12:53:12] "GET /get/?repo=tin-dog HTTP/1.1" 200 -
106.251.252.2 - - [13/Nov/2019 12:54:55] "GET / HTTP/1.1" 200 -
106.251.252.2 - - [13/Nov/2019 12:54:55] "GET /hanuman/assets/images/logo.png HTTP/1.1" 404 -
106.251.252.2 - - [13/Nov/2019 12:54:55] "GET /hanuman/assets/images/favicon.png HTTP/1.1" 404 -
106.251.252.2 - - [13/Nov/2019 12:54:55] "GET /hanuman/assets/images/hanuman.png HTTP/1.1" 404 -
159.89.192.225 - - [13/Nov/2019 13:00:51] "GET /get/?repo=tin-dog HTTP/1.1" 200 -
210.179.54.245 - - [13/Nov/2019 13:01:18] "GET / HTTP/1.1" 200 -
210.179.54.245 - - [13/Nov/2019 13:01:19] "GET /hanuman/assets/images/logo.png HTTP/1.1" 404 -
210.179.54.245 - - [13/Nov/2019 13:01:20] "GET / HTTP/1.1" 200 -
210.179.54.245 - - [13/Nov/2019 13:01:21] "GET /hanuman/assets/images/radhakrishna.jpg HTTP/1.1" 404 -
210.179.54.245 - - [13/Nov/2019 13:01:21] "GET /hanuman/assets/images/logo.png HTTP/1.1" 404 -
159.89.192.225 - - [13/Nov/2019 13:07:48] "GET /get/?repo=tin-dog HTTP/1.1" 200 -
159.89.192.225 - - [13/Nov/2019 13:10:14] "GET /get/?repo=tin-dog HTTP/1.1" 200 -
159.89.192.225 - - [13/Nov/2019 13:34:39] "GET /get/?repo=tin-dog HTTP/1.1" 200 -
 * Serving Flask app "slave" (lazy loading)
 * Environment: production
   WARNING: This is a development server. Do not use it in a production deployment.
   Use a production WSGI server instead.
 * Debug mode: off
 * Running on http://0.0.0.0:9999/ (Press CTRL+C to quit)
 * Serving Flask app "slave" (lazy loading)
 * Environment: production
   WARNING: This is a development server. Do not use it in a production deployment.
   Use a production WSGI server instead.
 * Debug mode: off
 * Running on http://0.0.0.0:9999/ (Press CTRL+C to quit)
109.245.175.35 - - [13/Nov/2019 13:41:30] "GET /get/?repo=tin-dog HTTP/1.1" 200 -
Cloning into '/root/repos/tin-dog'...
109.245.175.35 - - [13/Nov/2019 13:41:46] "GET /get/?repo=tin-dog HTTP/1.1" 200 -
Cloning into '/root/repos/tin-dog'...
fatal: unable to open /root/repos/tin-dog/.git/objects/pack/tmp_pack_mpQS8a: No such file or directory
fatal: index-pack failed
fatal: --stdin requires a git repository
fatal: index-pack failed
159.89.192.225 - - [13/Nov/2019 13:43:06] "GET /get/?repo=tin-dog HTTP/1.1" 200 -
Cloning into '/root/repos/tin-dog'...
Checking out files:  57% (11555/20004)   Checking out files:  58% (11603/20004)   Checking out files:  59% (11803/20004)   Checking out files:  60% (12003/20004)   Checking out files:  61% (12203/20004)   Checking out files:  62% (12403/20004)   Checking out files:  63% (12603/20004)   Checking out files:  64% (12803/20004)   Checking out files:  65% (13003/20004)   Checking out files:  66% (13203/20004)   Checking out files:  67% (13403/20004)   Checking out files:  68% (13603/20004)   Checking out files:  69% (13803/20004)   Checking out files:  70% (14003/20004)   Checking out files:  71% (14203/20004)   Checking out files:  72% (14403/20004)   Checking out files:  73% (14603/20004)   Checking out files:  74% (14803/20004)   Checking out files:  75% (15003/20004)   Checking out files:  76% (15204/20004)   Checking out files:  77% (15404/20004)   Checking out files:  78% (15604/20004)   Checking out files:  79% (15804/20004)   Checking out files:  80% (16004/20004)   Checking out files:  81% (16204/20004)   Checking out files:  82% (16404/20004)   Checking out files:  83% (16604/20004)   Checking out files:  84% (16804/20004)   Checking out files:  85% (17004/20004)   Checking out files:  86% (17204/20004)   Checking out files:  87% (17404/20004)   Checking out files:  88% (17604/20004)   Checking out files:  89% (17804/20004)   Checking out files:  90% (18004/20004)   Checking out files:  91% (18204/20004)   Checking out files:  92% (18404/20004)   Checking out files:  93% (18604/20004)   Checking out files:  94% (18804/20004)   Checking out files:  95% (19004/20004)   Checking out files:  96% (19204/20004)   Checking out files:  97% (19404/20004)   Checking out files:  98% (19604/20004)   Checking out files:  99% (19804/20004)   Checking out files: 100% (20004/20004)   Checking out files: 100% (20004/20004), done.
109.245.175.35 - - [13/Nov/2019 13:43:37] "GET /get/?repo=tin-dog HTTP/1.1" 200 -
Cloning into '/root/repos/tin-dog'...
Checking out files:  57% (11465/20004)   Checking out files:  58% (11603/20004)   Checking out files:  59% (11803/20004)   Checking out files:  60% (12003/20004)   Checking out files:  61% (12203/20004)   Checking out files:  62% (12403/20004)   Checking out files:  63% (12603/20004)   Checking out files:  64% (12803/20004)   Checking out files:  65% (13003/20004)   Checking out files:  66% (13203/20004)   Checking out files:  67% (13403/20004)   Checking out files:  68% (13603/20004)   Checking out files:  69% (13803/20004)   Checking out files:  70% (14003/20004)   Checking out files:  71% (14203/20004)   Checking out files:  72% (14403/20004)   Checking out files:  73% (14603/20004)   Checking out files:  74% (14803/20004)   Checking out files:  75% (15003/20004)   Checking out files:  76% (15204/20004)   Checking out files:  77% (15404/20004)   Checking out files:  78% (15604/20004)   Checking out files:  79% (15804/20004)   Checking out files:  80% (16004/20004)   Checking out files:  81% (16204/20004)   Checking out files:  82% (16404/20004)   Checking out files:  83% (16604/20004)   Checking out files:  84% (16804/20004)   Checking out files:  85% (17004/20004)   Checking out files:  86% (17204/20004)   Checking out files:  87% (17404/20004)   Checking out files:  88% (17604/20004)   Checking out files:  89% (17804/20004)   Checking out files:  90% (18004/20004)   Checking out files:  91% (18204/20004)   Checking out files:  92% (18404/20004)   Checking out files:  93% (18604/20004)   Checking out files:  94% (18804/20004)   Checking out files:  95% (19004/20004)   Checking out files:  96% (19204/20004)   Checking out files:  97% (19404/20004)   Checking out files:  98% (19604/20004)   Checking out files:  98% (19717/20004)   Checking out files:  99% (19804/20004)   Checking out files: 100% (20004/20004)   Checking out files: 100% (20004/20004), done.
[2019-11-13 13:43:50,538] ERROR in app: Exception on / [GET]
Traceback (most recent call last):
  File "slave.py", line 19, in default
    with open(str(sys.argv[1]), 'r') as file:
IndexError: list index out of range

During handling of the above exception, another exception occurred:

Traceback (most recent call last):
  File "/root/anaconda3/lib/python3.7/site-packages/flask/app.py", line 2446, in wsgi_app
    response = self.full_dispatch_request()
  File "/root/anaconda3/lib/python3.7/site-packages/flask/app.py", line 1951, in full_dispatch_request
    rv = self.handle_user_exception(e)
  File "/root/anaconda3/lib/python3.7/site-packages/flask/app.py", line 1820, in handle_user_exception
    reraise(exc_type, exc_value, tb)
  File "/root/anaconda3/lib/python3.7/site-packages/flask/_compat.py", line 39, in reraise
    raise value
  File "/root/anaconda3/lib/python3.7/site-packages/flask/app.py", line 1949, in full_dispatch_request
    rv = self.dispatch_request()
  File "/root/anaconda3/lib/python3.7/site-packages/flask/app.py", line 1935, in dispatch_request
    return self.view_functions[rule.endpoint](**req.view_args)
  File "slave.py", line 23, in default
    return("Cannot serve " + str(sys.argv[1]))
IndexError: list index out of range
210.179.54.245 - - [13/Nov/2019 13:43:50] "GET / HTTP/1.1" 500 -
210.179.54.245 - - [13/Nov/2019 13:43:50] "GET /favicon.ico HTTP/1.1" 404 -
[2019-11-13 13:44:22,161] ERROR in app: Exception on / [GET]
Traceback (most recent call last):
  File "slave.py", line 19, in default
    with open(str(sys.argv[1]), 'r') as file:
IndexError: list index out of range

During handling of the above exception, another exception occurred:

Traceback (most recent call last):
  File "/root/anaconda3/lib/python3.7/site-packages/flask/app.py", line 2446, in wsgi_app
    response = self.full_dispatch_request()
  File "/root/anaconda3/lib/python3.7/site-packages/flask/app.py", line 1951, in full_dispatch_request
    rv = self.handle_user_exception(e)
  File "/root/anaconda3/lib/python3.7/site-packages/flask/app.py", line 1820, in handle_user_exception
    reraise(exc_type, exc_value, tb)
  File "/root/anaconda3/lib/python3.7/site-packages/flask/_compat.py", line 39, in reraise
    raise value
  File "/root/anaconda3/lib/python3.7/site-packages/flask/app.py", line 1949, in full_dispatch_request
    rv = self.dispatch_request()
  File "/root/anaconda3/lib/python3.7/site-packages/flask/app.py", line 1935, in dispatch_request
    return self.view_functions[rule.endpoint](**req.view_args)
  File "slave.py", line 23, in default
    return("Cannot serve " + str(sys.argv[1]))
IndexError: list index out of range
210.179.54.245 - - [13/Nov/2019 13:44:22] "GET / HTTP/1.1" 500 -
[2019-11-13 13:45:48,439] ERROR in app: Exception on / [GET]
Traceback (most recent call last):
  File "slave.py", line 19, in default
    with open(str(sys.argv[1]), 'r') as file:
IndexError: list index out of range

During handling of the above exception, another exception occurred:

Traceback (most recent call last):
  File "/root/anaconda3/lib/python3.7/site-packages/flask/app.py", line 2446, in wsgi_app
    response = self.full_dispatch_request()
  File "/root/anaconda3/lib/python3.7/site-packages/flask/app.py", line 1951, in full_dispatch_request
    rv = self.handle_user_exception(e)
  File "/root/anaconda3/lib/python3.7/site-packages/flask/app.py", line 1820, in handle_user_exception
    reraise(exc_type, exc_value, tb)
  File "/root/anaconda3/lib/python3.7/site-packages/flask/_compat.py", line 39, in reraise
    raise value
  File "/root/anaconda3/lib/python3.7/site-packages/flask/app.py", line 1949, in full_dispatch_request
    rv = self.dispatch_request()
  File "/root/anaconda3/lib/python3.7/site-packages/flask/app.py", line 1935, in dispatch_request
    return self.view_functions[rule.endpoint](**req.view_args)
  File "slave.py", line 23, in default
    return("Cannot serve " + str(sys.argv[1]))
IndexError: list index out of range
210.179.54.245 - - [13/Nov/2019 13:45:48] "GET / HTTP/1.1" 500 -
 * Serving Flask app "slave" (lazy loading)
 * Environment: production
   WARNING: This is a development server. Do not use it in a production deployment.
   Use a production WSGI server instead.
 * Debug mode: off
 * Running on http://0.0.0.0:9999/ (Press CTRL+C to quit)
159.89.192.225 - - [13/Nov/2019 13:54:56] "GET /get/?repo=tin-dog HTTP/1.1" 200 -
Cloning into '/root/repos/tin-dog'...
210.179.54.245 - - [13/Nov/2019 13:55:01] "GET / HTTP/1.1" 200 -
Checking out files:  58% (11727/20004)   Checking out files:  59% (11803/20004)   Checking out files:  60% (12003/20004)   Checking out files:  61% (12203/20004)   Checking out files:  62% (12403/20004)   Checking out files:  63% (12603/20004)   Checking out files:  64% (12803/20004)   Checking out files:  65% (13003/20004)   Checking out files:  66% (13203/20004)   Checking out files:  67% (13403/20004)   Checking out files:  68% (13603/20004)   Checking out files:  69% (13803/20004)   Checking out files:  70% (14003/20004)   Checking out files:  71% (14203/20004)   Checking out files:  72% (14403/20004)   Checking out files:  73% (14603/20004)   Checking out files:  74% (14803/20004)   Checking out files:  75% (15003/20004)   Checking out files:  76% (15204/20004)   Checking out files:  77% (15404/20004)   Checking out files:  78% (15604/20004)   Checking out files:  79% (15804/20004)   Checking out files:  80% (16004/20004)   Checking out files:  81% (16204/20004)   Checking out files:  82% (16404/20004)   Checking out files:  83% (16604/20004)   Checking out files:  84% (16804/20004)   Checking out files:  85% (17004/20004)   Checking out files:  86% (17204/20004)   Checking out files:  87% (17404/20004)   Checking out files:  88% (17604/20004)   Checking out files:  89% (17804/20004)   Checking out files:  90% (18004/20004)   Checking out files:  91% (18204/20004)   Checking out files:  92% (18404/20004)   Checking out files:  93% (18604/20004)   Checking out files:  94% (18804/20004)   Checking out files:  95% (19004/20004)   Checking out files:  96% (19204/20004)   Checking out files:  97% (19404/20004)   Checking out files:  98% (19604/20004)   Checking out files:  99% (19804/20004)   Checking out files: 100% (20004/20004)   Checking out files: 100% (20004/20004), done.
210.179.54.245 - - [13/Nov/2019 13:56:39] "GET / HTTP/1.1" 200 -
210.179.54.245 - - [13/Nov/2019 13:56:40] "GET /css/bootstrap.min.css HTTP/1.1" 404 -
210.179.54.245 - - [13/Nov/2019 13:56:40] "GET /js/bootstrap.bundle.js HTTP/1.1" 404 -
210.179.54.245 - - [13/Nov/2019 13:56:40] "GET /css/styles.css HTTP/1.1" 404 -
210.179.54.245 - - [13/Nov/2019 13:56:40] "GET /images/iphone6.png HTTP/1.1" 404 -
210.179.54.245 - - [13/Nov/2019 13:56:40] "GET /images/dog-img.jpg HTTP/1.1" 404 -
210.179.54.245 - - [13/Nov/2019 13:56:40] "GET /images/tnw.png HTTP/1.1" 404 -
210.179.54.245 - - [13/Nov/2019 13:56:40] "GET /images/mashable.png HTTP/1.1" 404 -
210.179.54.245 - - [13/Nov/2019 13:56:40] "GET /images/bizinsider.png HTTP/1.1" 404 -
210.179.54.245 - - [13/Nov/2019 13:56:40] "GET /images/techcrunch.png HTTP/1.1" 404 -
77.247.109.38 - - [13/Nov/2019 19:33:38] "HEAD /robots.txt HTTP/1.0" 404 -
